<?xml version="1.0" encoding="UTF-8"?>
<testsuite xmlns:xsi="http://www.w3.org/2001/XMLSchema-instance" xsi:noNamespaceSchemaLocation="https://maven.apache.org/surefire/maven-surefire-plugin/xsd/surefire-test-report.xsd" name="fa.training.srumanagementg4.service.impl.ClassServiceImplTest" time="33.028" tests="6" errors="0" skipped="0" failures="0">
  <properties>
[...]
</properties>
  <testcase name="test_check_exist_by_name_and_year_success" classname="fa.training.srumanagementg4.service.impl.ClassServiceImplTest" time="3.377"/>
  <testcase name="deleteClass" classname="fa.training.srumanagementg4.service.impl.ClassServiceImplTest" time="1.097"/>
  <testcase name="findById" classname="fa.training.srumanagementg4.service.impl.ClassServiceImplTest" time="1.137"/>
  <testcase name="getAllClass" classname="fa.training.srumanagementg4.service.impl.ClassServiceImplTest" time="1.078"/>
  <testcase name="saveClass" classname="fa.training.srumanagementg4.service.impl.ClassServiceImplTest" time="1.084"/>
  <testcase name="test_check_exist_by_name_and_year_fail" classname="fa.training.srumanagementg4.service.impl.ClassServiceImplTest" time="1.107"/>
</testsuite>